<?xml version="1.0" encoding="UTF-8"?>
<!-- Generated by org.testng.reporters.JUnitReportReporter -->
<testsuite hostname="apples-MBP-3.lan" failures="0" tests="1" name="apptest.Login" time="18.555" errors="1" timestamp="02 Jun 2024 13:57:10 GMT" skipped="0">
  <testcase classname="apptest.Login" name="doSum" time="18.555">
    <error message="org.openqa.selenium.WebDriverException: An unknown server-side error occurred while processing the command. Original error: Timed out after 15565ms waiting for the root AccessibilityNodeInfo in the active window. Make sure the active window is not constantly hogging the main UI thread (e.g. the application is being idle long enough), so the accessibility manager could do its work
Build info: version: &#039;3.141.59&#039;, revision: &#039;e82be7d358&#039;, time: &#039;2018-11-14T08:17:03&#039;
System info: host: &#039;apples-MBP-3.lan&#039;, ip: &#039;2409:40f2:158:e9c:5567:d92e:8f91:f2df%en0&#039;, os.name: &#039;Mac OS X&#039;, os.arch: &#039;x86_64&#039;, os.version: &#039;14.5&#039;, java.version: &#039;11.0.23&#039;
Driver info: io.appium.java_client.AppiumDriver
Capabilities {appActivity: in.janitri.wardapp.ui.main...., appPackage: in.janitri.wardapp.daksh, automationName: uiautomator2, clearSystemFiles: false, databaseEnabled: false, desired: {appActivity: in.janitri.wardapp.ui.main...., appPackage: in.janitri.wardapp.daksh, automationName: uiautomator2, clearSystemFiles: false, deviceName: Lenovo, fullReset: false, newCommandTimeout: 60, noReset: true, platformName: android, platformVersion: 10, udid: HA1NTNDG}, deviceApiLevel: 29, deviceManufacturer: LENOVO, deviceModel: Lenovo TB-X306X, deviceName: HA1NTNDG, deviceScreenDensity: 160, deviceScreenSize: 1280x800, deviceUDID: HA1NTNDG, fullReset: false, javascriptEnabled: true, locationContextEnabled: false, networkConnectionEnabled: true, newCommandTimeout: 60, noReset: true, pixelRatio: 1, platform: LINUX, platformName: LINUX, platformVersion: 10, statBarHeight: 24, takesScreenshot: true, udid: HA1NTNDG, viewportRect: {height: 728, left: 0, top: 24, width: 1280}, warnings: {}, webStorageEnabled: false}
Session ID: e4804b99-27ca-4b95-ab15-45955347add5
*** Element info: {Using=id, value=in.janitri.wardapp.daksh:id/textView}" type="org.openqa.selenium.WebDriverException">
      <![CDATA[org.openqa.selenium.WebDriverException: org.openqa.selenium.WebDriverException: An unknown server-side error occurred while processing the command. Original error: Timed out after 15565ms waiting for the root AccessibilityNodeInfo in the active window. Make sure the active window is not constantly hogging the main UI thread (e.g. the application is being idle long enough), so the accessibility manager could do its work
Build info: version: '3.141.59', revision: 'e82be7d358', time: '2018-11-14T08:17:03'
System info: host: 'apples-MBP-3.lan', ip: '2409:40f2:158:e9c:5567:d92e:8f91:f2df%en0', os.name: 'Mac OS X', os.arch: 'x86_64', os.version: '14.5', java.version: '11.0.23'
Driver info: io.appium.java_client.AppiumDriver
Capabilities {appActivity: in.janitri.wardapp.ui.main...., appPackage: in.janitri.wardapp.daksh, automationName: uiautomator2, clearSystemFiles: false, databaseEnabled: false, desired: {appActivity: in.janitri.wardapp.ui.main...., appPackage: in.janitri.wardapp.daksh, automationName: uiautomator2, clearSystemFiles: false, deviceName: Lenovo, fullReset: false, newCommandTimeout: 60, noReset: true, platformName: android, platformVersion: 10, udid: HA1NTNDG}, deviceApiLevel: 29, deviceManufacturer: LENOVO, deviceModel: Lenovo TB-X306X, deviceName: HA1NTNDG, deviceScreenDensity: 160, deviceScreenSize: 1280x800, deviceUDID: HA1NTNDG, fullReset: false, javascriptEnabled: true, locationContextEnabled: false, networkConnectionEnabled: true, newCommandTimeout: 60, noReset: true, pixelRatio: 1, platform: LINUX, platformName: LINUX, platformVersion: 10, statBarHeight: 24, takesScreenshot: true, udid: HA1NTNDG, viewportRect: {height: 728, left: 0, top: 24, width: 1280}, warnings: {}, webStorageEnabled: false}
Session ID: e4804b99-27ca-4b95-ab15-45955347add5
*** Element info: {Using=id, value=in.janitri.wardapp.daksh:id/textView}
at io.appium.java_client.pagefactory.AppiumElementLocator$WaitingFunction.apply(AppiumElementLocator.java:192)
at io.appium.java_client.pagefactory.AppiumElementLocator$WaitingFunction.apply(AppiumElementLocator.java:1)
at org.openqa.selenium.support.ui.FluentWait.until(FluentWait.java:249)
at io.appium.java_client.pagefactory.AppiumElementLocator.waitFor(AppiumElementLocator.java:99)
at io.appium.java_client.pagefactory.AppiumElementLocator.findElement(AppiumElementLocator.java:119)
at io.appium.java_client.pagefactory.interceptors.InterceptorOfASingleElement.intercept(InterceptorOfASingleElement.java:59)
at io.appium.java_client.android.AndroidElement$$EnhancerByCGLIB$$b598166c.getText(<generated>)
at pages.login.LoginScreenLocators.check(LoginScreenLocators.java:35)
at apptest.Login.doSum(Login.java:16)
at java.base/jdk.internal.reflect.NativeMethodAccessorImpl.invoke0(Native Method)
at java.base/jdk.internal.reflect.NativeMethodAccessorImpl.invoke(NativeMethodAccessorImpl.java:62)
at java.base/jdk.internal.reflect.DelegatingMethodAccessorImpl.invoke(DelegatingMethodAccessorImpl.java:43)
at java.base/java.lang.reflect.Method.invoke(Method.java:566)
at org.testng.internal.MethodInvocationHelper.invokeMethod(MethodInvocationHelper.java:124)
at org.testng.internal.Invoker.invokeMethod(Invoker.java:583)
at org.testng.internal.Invoker.invokeTestMethod(Invoker.java:719)
at org.testng.internal.Invoker.invokeTestMethods(Invoker.java:989)
at org.testng.internal.TestMethodWorker.invokeTestMethods(TestMethodWorker.java:125)
at org.testng.internal.TestMethodWorker.run(TestMethodWorker.java:109)
at org.testng.TestRunner.privateRun(TestRunner.java:648)
at org.testng.TestRunner.run(TestRunner.java:505)
at org.testng.SuiteRunner.runTest(SuiteRunner.java:455)
at org.testng.SuiteRunner.runSequentially(SuiteRunner.java:450)
at org.testng.SuiteRunner.privateRun(SuiteRunner.java:415)
at org.testng.SuiteRunner.run(SuiteRunner.java:364)
at org.testng.SuiteRunnerWorker.runSuite(SuiteRunnerWorker.java:52)
at org.testng.SuiteRunnerWorker.run(SuiteRunnerWorker.java:84)
at org.testng.TestNG.runSuitesSequentially(TestNG.java:1208)
at org.testng.TestNG.runSuitesLocally(TestNG.java:1137)
at org.testng.TestNG.runSuites(TestNG.java:1049)
at org.testng.TestNG.run(TestNG.java:1017)
at org.testng.remote.AbstractRemoteTestNG.run(AbstractRemoteTestNG.java:115)
at org.testng.remote.RemoteTestNG.initAndRun(RemoteTestNG.java:251)
at org.testng.remote.RemoteTestNG.main(RemoteTestNG.java:77)
Caused by: org.openqa.selenium.WebDriverException: An unknown server-side error occurred while processing the command. Original error: Timed out after 15565ms waiting for the root AccessibilityNodeInfo in the active window. Make sure the active window is not constantly hogging the main UI thread (e.g. the application is being idle long enough), so the accessibility manager could do its work
Build info: version: '3.141.59', revision: 'e82be7d358', time: '2018-11-14T08:17:03'
System info: host: 'apples-MBP-3.lan', ip: '2409:40f2:158:e9c:5567:d92e:8f91:f2df%en0', os.name: 'Mac OS X', os.arch: 'x86_64', os.version: '14.5', java.version: '11.0.23'
Driver info: io.appium.java_client.AppiumDriver
Capabilities {appActivity: in.janitri.wardapp.ui.main...., appPackage: in.janitri.wardapp.daksh, automationName: uiautomator2, clearSystemFiles: false, databaseEnabled: false, desired: {appActivity: in.janitri.wardapp.ui.main...., appPackage: in.janitri.wardapp.daksh, automationName: uiautomator2, clearSystemFiles: false, deviceName: Lenovo, fullReset: false, newCommandTimeout: 60, noReset: true, platformName: android, platformVersion: 10, udid: HA1NTNDG}, deviceApiLevel: 29, deviceManufacturer: LENOVO, deviceModel: Lenovo TB-X306X, deviceName: HA1NTNDG, deviceScreenDensity: 160, deviceScreenSize: 1280x800, deviceUDID: HA1NTNDG, fullReset: false, javascriptEnabled: true, locationContextEnabled: false, networkConnectionEnabled: true, newCommandTimeout: 60, noReset: true, pixelRatio: 1, platform: LINUX, platformName: LINUX, platformVersion: 10, statBarHeight: 24, takesScreenshot: true, udid: HA1NTNDG, viewportRect: {height: 728, left: 0, top: 24, width: 1280}, warnings: {}, webStorageEnabled: false}
Session ID: e4804b99-27ca-4b95-ab15-45955347add5
*** Element info: {Using=id, value=in.janitri.wardapp.daksh:id/textView}
at java.base/jdk.internal.reflect.NativeConstructorAccessorImpl.newInstance0(Native Method)
at java.base/jdk.internal.reflect.NativeConstructorAccessorImpl.newInstance(NativeConstructorAccessorImpl.java:62)
at java.base/jdk.internal.reflect.DelegatingConstructorAccessorImpl.newInstance(DelegatingConstructorAccessorImpl.java:45)
at java.base/java.lang.reflect.Constructor.newInstance(Constructor.java:490)
at org.openqa.selenium.remote.http.W3CHttpResponseCodec.createException(W3CHttpResponseCodec.java:187)
at org.openqa.selenium.remote.http.W3CHttpResponseCodec.decode(W3CHttpResponseCodec.java:122)
at org.openqa.selenium.remote.http.W3CHttpResponseCodec.decode(W3CHttpResponseCodec.java:49)
at org.openqa.selenium.remote.HttpCommandExecutor.execute(HttpCommandExecutor.java:158)
at io.appium.java_client.remote.AppiumCommandExecutor.execute(AppiumCommandExecutor.java:239)
at org.openqa.selenium.remote.RemoteWebDriver.execute(RemoteWebDriver.java:552)
at io.appium.java_client.DefaultGenericMobileDriver.execute(DefaultGenericMobileDriver.java:42)
at io.appium.java_client.AppiumDriver.execute(AppiumDriver.java:1)
at org.openqa.selenium.remote.RemoteWebDriver.findElement(RemoteWebDriver.java:323)
at io.appium.java_client.DefaultGenericMobileDriver.findElement(DefaultGenericMobileDriver.java:62)
at io.appium.java_client.AppiumDriver.findElement(AppiumDriver.java:1)
at org.openqa.selenium.remote.RemoteWebDriver.findElementById(RemoteWebDriver.java:372)
at io.appium.java_client.DefaultGenericMobileDriver.findElementById(DefaultGenericMobileDriver.java:70)
at io.appium.java_client.AppiumDriver.findElementById(AppiumDriver.java:1)
at org.openqa.selenium.By$ById.findElement(By.java:188)
at org.openqa.selenium.remote.RemoteWebDriver.findElement(RemoteWebDriver.java:315)
at io.appium.java_client.DefaultGenericMobileDriver.findElement(DefaultGenericMobileDriver.java:58)
at io.appium.java_client.AppiumDriver.findElement(AppiumDriver.java:1)
at io.appium.java_client.pagefactory.bys.builder.ByChained.lambda$0(ByChained.java:38)
at org.openqa.selenium.support.ui.FluentWait.until(FluentWait.java:249)
at io.appium.java_client.pagefactory.bys.builder.ByChained.findElement(ByChained.java:72)
at org.openqa.selenium.remote.RemoteWebDriver.findElement(RemoteWebDriver.java:315)
at io.appium.java_client.DefaultGenericMobileDriver.findElement(DefaultGenericMobileDriver.java:58)
at io.appium.java_client.AppiumDriver.findElement(AppiumDriver.java:1)
at io.appium.java_client.pagefactory.bys.ContentMappedBy.findElement(ContentMappedBy.java:50)
at org.openqa.selenium.remote.RemoteWebDriver.findElement(RemoteWebDriver.java:315)
at io.appium.java_client.DefaultGenericMobileDriver.findElement(DefaultGenericMobileDriver.java:58)
at io.appium.java_client.AppiumDriver.findElement(AppiumDriver.java:1)
at io.appium.java_client.pagefactory.AppiumElementLocator.lambda$0(AppiumElementLocator.java:120)
at io.appium.java_client.pagefactory.AppiumElementLocator$WaitingFunction.apply(AppiumElementLocator.java:172)
... 33 more
]]>
    </error>
  </testcase> <!-- doSum -->
</testsuite> <!-- apptest.Login -->
